Build started 20/07/2014 2:16:12 PM.
     1>Project "C:\Users\Shawn\Desktop\IRCclient1.1\IRC\IRC.vcxproj" on node 2 (build target(s)).
     1>InitializeBuildStatus:
         Creating "Release\IRC.unsuccessfulbuild" because "AlwaysCreate" was specified.
       ClCompile:
         All outputs are up-to-date.
         C:\Program Files (x86)\Microsoft Visual Studio 10.0\VC\bin\CL.exe /c /IC:\Users\Shawn\Desktop\IRCclient1.1\IRC /Zi /nologo /W3 /WX- /O2 /Oi /Oy- /GL /D _MBCS /Gm- /EHsc /MD /GS /Gy /fp:precise /Zc:wchar_t /Zc:forScope /Fo"Release\\" /Fd"Release\vc100.pdb" /Gd /TP /analyze- /errorReport:prompt main.cpp
         main.cpp
     1>c:\users\shawn\desktop\ircclient1.1\irc\GUI.h(50): warning C4018: '<' : signed/unsigned mismatch
     1>c:\users\shawn\desktop\ircclient1.1\irc\GUI.h(69): warning C4244: 'argument' : conversion from 'double' to 'float', possible loss of data
     1>c:\users\shawn\desktop\ircclient1.1\irc\GUI.h(69): warning C4244: 'argument' : conversion from 'double' to 'float', possible loss of data
     1>c:\users\shawn\desktop\ircclient1.1\irc\GUI.h(69): warning C4244: 'argument' : conversion from 'double' to 'float', possible loss of data
     1>c:\users\shawn\desktop\ircclient1.1\irc\GUI.h(69): warning C4244: 'argument' : conversion from 'double' to 'float', possible loss of data
     1>c:\users\shawn\desktop\ircclient1.1\irc\GUI.h(69): warning C4244: 'argument' : conversion from 'double' to 'float', possible loss of data
     1>c:\users\shawn\desktop\ircclient1.1\irc\GUI.h(69): warning C4244: 'argument' : conversion from 'double' to 'float', possible loss of data
     1>c:\users\shawn\desktop\ircclient1.1\irc\GUI.h(69): warning C4244: 'argument' : conversion from 'double' to 'float', possible loss of data
     1>c:\users\shawn\desktop\ircclient1.1\irc\GUI.h(69): warning C4244: 'argument' : conversion from 'double' to 'float', possible loss of data
     1>c:\users\shawn\desktop\ircclient1.1\irc\GUI.h(69): warning C4244: 'argument' : conversion from 'int' to 'float', possible loss of data
     1>c:\users\shawn\desktop\ircclient1.1\irc\GUI.h(69): warning C4244: 'argument' : conversion from 'int' to 'float', possible loss of data
     1>c:\users\shawn\desktop\ircclient1.1\irc\GUI.h(83): warning C4244: 'argument' : conversion from 'double' to 'float', possible loss of data
     1>c:\users\shawn\desktop\ircclient1.1\irc\GUI.h(83): warning C4244: 'argument' : conversion from 'double' to 'float', possible loss of data
     1>c:\users\shawn\desktop\ircclient1.1\irc\GUI.h(83): warning C4244: 'argument' : conversion from 'double' to 'float', possible loss of data
     1>c:\users\shawn\desktop\ircclient1.1\irc\GUI.h(83): warning C4244: 'argument' : conversion from 'double' to 'float', possible loss of data
     1>c:\users\shawn\desktop\ircclient1.1\irc\GUI.h(83): warning C4244: 'argument' : conversion from 'double' to 'float', possible loss of data
     1>c:\users\shawn\desktop\ircclient1.1\irc\GUI.h(83): warning C4244: 'argument' : conversion from 'double' to 'float', possible loss of data
     1>c:\users\shawn\desktop\ircclient1.1\irc\GUI.h(83): warning C4244: 'argument' : conversion from 'double' to 'float', possible loss of data
     1>c:\users\shawn\desktop\ircclient1.1\irc\GUI.h(83): warning C4244: 'argument' : conversion from 'double' to 'float', possible loss of data
     1>c:\users\shawn\desktop\ircclient1.1\irc\GUI.h(83): warning C4244: 'argument' : conversion from 'int' to 'float', possible loss of data
     1>c:\users\shawn\desktop\ircclient1.1\irc\GUI.h(83): warning C4244: 'argument' : conversion from 'int' to 'float', possible loss of data
     1>c:\users\shawn\desktop\ircclient1.1\irc\GUI.h(97): warning C4244: 'argument' : conversion from 'double' to 'float', possible loss of data
     1>c:\users\shawn\desktop\ircclient1.1\irc\GUI.h(97): warning C4244: 'argument' : conversion from 'double' to 'float', possible loss of data
     1>c:\users\shawn\desktop\ircclient1.1\irc\GUI.h(97): warning C4244: 'argument' : conversion from 'double' to 'float', possible loss of data
     1>c:\users\shawn\desktop\ircclient1.1\irc\GUI.h(97): warning C4244: 'argument' : conversion from 'double' to 'float', possible loss of data
     1>c:\users\shawn\desktop\ircclient1.1\irc\GUI.h(97): warning C4244: 'argument' : conversion from 'double' to 'float', possible loss of data
     1>c:\users\shawn\desktop\ircclient1.1\irc\GUI.h(97): warning C4244: 'argument' : conversion from 'double' to 'float', possible loss of data
     1>c:\users\shawn\desktop\ircclient1.1\irc\GUI.h(97): warning C4244: 'argument' : conversion from 'double' to 'float', possible loss of data
     1>c:\users\shawn\desktop\ircclient1.1\irc\GUI.h(97): warning C4244: 'argument' : conversion from 'double' to 'float', possible loss of data
     1>c:\users\shawn\desktop\ircclient1.1\irc\GUI.h(97): warning C4244: 'argument' : conversion from 'int' to 'float', possible loss of data
     1>c:\users\shawn\desktop\ircclient1.1\irc\GUI.h(97): warning C4244: 'argument' : conversion from 'int' to 'float', possible loss of data
     1>c:\users\shawn\desktop\ircclient1.1\irc\GUI.h(111): warning C4244: 'argument' : conversion from 'double' to 'float', possible loss of data
     1>c:\users\shawn\desktop\ircclient1.1\irc\GUI.h(111): warning C4244: 'argument' : conversion from 'double' to 'float', possible loss of data
     1>c:\users\shawn\desktop\ircclient1.1\irc\GUI.h(111): warning C4244: 'argument' : conversion from 'double' to 'float', possible loss of data
     1>c:\users\shawn\desktop\ircclient1.1\irc\GUI.h(111): warning C4244: 'argument' : conversion from 'double' to 'float', possible loss of data
     1>c:\users\shawn\desktop\ircclient1.1\irc\GUI.h(111): warning C4244: 'argument' : conversion from 'double' to 'float', possible loss of data
     1>c:\users\shawn\desktop\ircclient1.1\irc\GUI.h(111): warning C4244: 'argument' : conversion from 'double' to 'float', possible loss of data
     1>c:\users\shawn\desktop\ircclient1.1\irc\GUI.h(111): warning C4244: 'argument' : conversion from 'double' to 'float', possible loss of data
     1>c:\users\shawn\desktop\ircclient1.1\irc\GUI.h(111): warning C4244: 'argument' : conversion from 'double' to 'float', possible loss of data
     1>c:\users\shawn\desktop\ircclient1.1\irc\GUI.h(111): warning C4244: 'argument' : conversion from 'int' to 'float', possible loss of data
     1>c:\users\shawn\desktop\ircclient1.1\irc\GUI.h(111): warning C4244: 'argument' : conversion from 'int' to 'float', possible loss of data
     1>c:\users\shawn\desktop\ircclient1.1\irc\GUI.h(123): warning C4244: 'argument' : conversion from 'double' to 'float', possible loss of data
     1>c:\users\shawn\desktop\ircclient1.1\irc\GUI.h(123): warning C4244: 'argument' : conversion from 'double' to 'float', possible loss of data
     1>c:\users\shawn\desktop\ircclient1.1\irc\GUI.h(123): warning C4244: 'argument' : conversion from 'double' to 'float', possible loss of data
     1>c:\users\shawn\desktop\ircclient1.1\irc\GUI.h(123): warning C4244: 'argument' : conversion from 'double' to 'float', possible loss of data
     1>c:\users\shawn\desktop\ircclient1.1\irc\GUI.h(123): warning C4244: 'argument' : conversion from 'double' to 'float', possible loss of data
     1>c:\users\shawn\desktop\ircclient1.1\irc\GUI.h(123): warning C4244: 'argument' : conversion from 'double' to 'float', possible loss of data
     1>c:\users\shawn\desktop\ircclient1.1\irc\GUI.h(123): warning C4244: 'argument' : conversion from 'double' to 'float', possible loss of data
     1>c:\users\shawn\desktop\ircclient1.1\irc\GUI.h(123): warning C4244: 'argument' : conversion from 'double' to 'float', possible loss of data
     1>c:\users\shawn\desktop\ircclient1.1\irc\GUI.h(123): warning C4244: 'argument' : conversion from 'int' to 'float', possible loss of data
     1>c:\users\shawn\desktop\ircclient1.1\irc\GUI.h(123): warning C4244: 'argument' : conversion from 'int' to 'float', possible loss of data
     1>c:\users\shawn\desktop\ircclient1.1\irc\GUI.h(135): warning C4244: 'argument' : conversion from 'double' to 'float', possible loss of data
     1>c:\users\shawn\desktop\ircclient1.1\irc\GUI.h(135): warning C4244: 'argument' : conversion from 'double' to 'float', possible loss of data
     1>c:\users\shawn\desktop\ircclient1.1\irc\GUI.h(135): warning C4244: 'argument' : conversion from 'double' to 'float', possible loss of data
     1>c:\users\shawn\desktop\ircclient1.1\irc\GUI.h(135): warning C4244: 'argument' : conversion from 'double' to 'float', possible loss of data
     1>c:\users\shawn\desktop\ircclient1.1\irc\GUI.h(135): warning C4244: 'argument' : conversion from 'double' to 'float', possible loss of data
     1>c:\users\shawn\desktop\ircclient1.1\irc\GUI.h(135): warning C4244: 'argument' : conversion from 'double' to 'float', possible loss of data
     1>c:\users\shawn\desktop\ircclient1.1\irc\GUI.h(135): warning C4244: 'argument' : conversion from 'double' to 'float', possible loss of data
     1>c:\users\shawn\desktop\ircclient1.1\irc\GUI.h(135): warning C4244: 'argument' : conversion from 'double' to 'float', possible loss of data
     1>c:\users\shawn\desktop\ircclient1.1\irc\GUI.h(135): warning C4244: 'argument' : conversion from 'int' to 'float', possible loss of data
     1>c:\users\shawn\desktop\ircclient1.1\irc\GUI.h(135): warning C4244: 'argument' : conversion from 'int' to 'float', possible loss of data
     1>c:\users\shawn\desktop\ircclient1.1\irc\GUI.h(146): warning C4305: 'argument' : truncation from 'double' to 'float'
     1>c:\users\shawn\desktop\ircclient1.1\irc\GUI.h(146): warning C4305: 'argument' : truncation from 'double' to 'float'
     1>c:\users\shawn\desktop\ircclient1.1\irc\GUI.h(146): warning C4305: 'argument' : truncation from 'double' to 'float'
     1>c:\users\shawn\desktop\ircclient1.1\irc\GUI.h(146): warning C4305: 'argument' : truncation from 'double' to 'float'
     1>c:\users\shawn\desktop\ircclient1.1\irc\GUI.h(146): warning C4305: 'argument' : truncation from 'double' to 'float'
     1>c:\users\shawn\desktop\ircclient1.1\irc\GUI.h(146): warning C4305: 'argument' : truncation from 'double' to 'float'
     1>c:\users\shawn\desktop\ircclient1.1\irc\GUI.h(146): warning C4244: 'argument' : conversion from 'int' to 'float', possible loss of data
     1>c:\users\shawn\desktop\ircclient1.1\irc\GUI.h(146): warning C4244: 'argument' : conversion from 'int' to 'float', possible loss of data
     1>c:\users\shawn\desktop\ircclient1.1\irc\GUI.h(158): warning C4244: 'argument' : conversion from 'double' to 'float', possible loss of data
     1>c:\users\shawn\desktop\ircclient1.1\irc\GUI.h(158): warning C4244: 'argument' : conversion from 'double' to 'float', possible loss of data
     1>c:\users\shawn\desktop\ircclient1.1\irc\GUI.h(158): warning C4244: 'argument' : conversion from 'double' to 'float', possible loss of data
     1>c:\users\shawn\desktop\ircclient1.1\irc\GUI.h(158): warning C4244: 'argument' : conversion from 'double' to 'float', possible loss of data
     1>c:\users\shawn\desktop\ircclient1.1\irc\GUI.h(158): warning C4244: 'argument' : conversion from 'double' to 'float', possible loss of data
     1>c:\users\shawn\desktop\ircclient1.1\irc\GUI.h(158): warning C4244: 'argument' : conversion from 'double' to 'float', possible loss of data
     1>c:\users\shawn\desktop\ircclient1.1\irc\GUI.h(158): warning C4244: 'argument' : conversion from 'double' to 'float', possible loss of data
     1>c:\users\shawn\desktop\ircclient1.1\irc\GUI.h(158): warning C4244: 'argument' : conversion from 'double' to 'float', possible loss of data
     1>c:\users\shawn\desktop\ircclient1.1\irc\GUI.h(158): warning C4244: 'argument' : conversion from 'int' to 'float', possible loss of data
     1>c:\users\shawn\desktop\ircclient1.1\irc\GUI.h(158): warning C4244: 'argument' : conversion from 'int' to 'float', possible loss of data
     1>c:\users\shawn\desktop\ircclient1.1\irc\GUI.h(168): warning C4244: 'argument' : conversion from 'int' to 'float', possible loss of data
     1>c:\users\shawn\desktop\ircclient1.1\irc\GUI.h(168): warning C4244: 'argument' : conversion from 'int' to 'float', possible loss of data
     1>c:\users\shawn\desktop\ircclient1.1\irc\GUI.h(168): warning C4244: 'argument' : conversion from 'int' to 'float', possible loss of data
     1>c:\users\shawn\desktop\ircclient1.1\irc\GUI.h(168): warning C4244: 'argument' : conversion from 'int' to 'float', possible loss of data
     1>c:\users\shawn\desktop\ircclient1.1\irc\GUI.h(177): warning C4244: 'argument' : conversion from 'int' to 'float', possible loss of data
     1>c:\users\shawn\desktop\ircclient1.1\irc\GUI.h(177): warning C4244: 'argument' : conversion from 'int' to 'float', possible loss of data
     1>c:\users\shawn\desktop\ircclient1.1\irc\GUI.h(177): warning C4244: 'argument' : conversion from 'int' to 'float', possible loss of data
     1>c:\users\shawn\desktop\ircclient1.1\irc\GUI.h(177): warning C4244: 'argument' : conversion from 'int' to 'float', possible loss of data
     1>c:\users\shawn\desktop\ircclient1.1\irc\GUI.h(186): warning C4244: 'argument' : conversion from 'int' to 'float', possible loss of data
     1>c:\users\shawn\desktop\ircclient1.1\irc\GUI.h(186): warning C4244: 'argument' : conversion from 'int' to 'float', possible loss of data
     1>c:\users\shawn\desktop\ircclient1.1\irc\GUI.h(196): warning C4244: 'argument' : conversion from 'double' to 'float', possible loss of data
     1>c:\users\shawn\desktop\ircclient1.1\irc\GUI.h(196): warning C4244: 'argument' : conversion from 'double' to 'float', possible loss of data
     1>c:\users\shawn\desktop\ircclient1.1\irc\GUI.h(196): warning C4244: 'argument' : conversion from 'double' to 'float', possible loss of data
     1>c:\users\shawn\desktop\ircclient1.1\irc\GUI.h(196): warning C4244: 'argument' : conversion from 'double' to 'float', possible loss of data
     1>c:\users\shawn\desktop\ircclient1.1\irc\GUI.h(196): warning C4244: 'argument' : conversion from 'double' to 'float', possible loss of data
     1>c:\users\shawn\desktop\ircclient1.1\irc\GUI.h(196): warning C4244: 'argument' : conversion from 'double' to 'float', possible loss of data
     1>c:\users\shawn\desktop\ircclient1.1\irc\GUI.h(196): warning C4244: 'argument' : conversion from 'double' to 'float', possible loss of data
     1>c:\users\shawn\desktop\ircclient1.1\irc\GUI.h(196): warning C4244: 'argument' : conversion from 'double' to 'float', possible loss of data
     1>c:\users\shawn\desktop\ircclient1.1\irc\GUI.h(196): warning C4244: 'argument' : conversion from 'int' to 'float', possible loss of data
     1>c:\users\shawn\desktop\ircclient1.1\irc\GUI.h(196): warning C4244: 'argument' : conversion from 'int' to 'float', possible loss of data
     1>c:\users\shawn\desktop\ircclient1.1\irc\GUI.h(208): warning C4244: 'argument' : conversion from 'double' to 'float', possible loss of data
     1>c:\users\shawn\desktop\ircclient1.1\irc\GUI.h(208): warning C4244: 'argument' : conversion from 'double' to 'float', possible loss of data
     1>c:\users\shawn\desktop\ircclient1.1\irc\GUI.h(208): warning C4244: 'argument' : conversion from 'double' to 'float', possible loss of data
     1>c:\users\shawn\desktop\ircclient1.1\irc\GUI.h(208): warning C4244: 'argument' : conversion from 'double' to 'float', possible loss of data
     1>c:\users\shawn\desktop\ircclient1.1\irc\GUI.h(208): warning C4244: 'argument' : conversion from 'double' to 'float', possible loss of data
     1>c:\users\shawn\desktop\ircclient1.1\irc\GUI.h(208): warning C4244: 'argument' : conversion from 'double' to 'float', possible loss of data
     1>c:\users\shawn\desktop\ircclient1.1\irc\GUI.h(208): warning C4244: 'argument' : conversion from 'double' to 'float', possible loss of data
     1>c:\users\shawn\desktop\ircclient1.1\irc\GUI.h(208): warning C4244: 'argument' : conversion from 'double' to 'float', possible loss of data
     1>c:\users\shawn\desktop\ircclient1.1\irc\GUI.h(208): warning C4244: 'argument' : conversion from 'int' to 'float', possible loss of data
     1>c:\users\shawn\desktop\ircclient1.1\irc\GUI.h(208): warning C4244: 'argument' : conversion from 'int' to 'float', possible loss of data
     1>c:\users\shawn\desktop\ircclient1.1\irc\GUI.h(220): warning C4244: 'argument' : conversion from 'double' to 'float', possible loss of data
     1>c:\users\shawn\desktop\ircclient1.1\irc\GUI.h(220): warning C4244: 'argument' : conversion from 'double' to 'float', possible loss of data
     1>c:\users\shawn\desktop\ircclient1.1\irc\GUI.h(220): warning C4244: 'argument' : conversion from 'double' to 'float', possible loss of data
     1>c:\users\shawn\desktop\ircclient1.1\irc\GUI.h(220): warning C4244: 'argument' : conversion from 'double' to 'float', possible loss of data
     1>c:\users\shawn\desktop\ircclient1.1\irc\GUI.h(220): warning C4244: 'argument' : conversion from 'double' to 'float', possible loss of data
     1>c:\users\shawn\desktop\ircclient1.1\irc\GUI.h(220): warning C4244: 'argument' : conversion from 'double' to 'float', possible loss of data
     1>c:\users\shawn\desktop\ircclient1.1\irc\GUI.h(220): warning C4244: 'argument' : conversion from 'double' to 'float', possible loss of data
     1>c:\users\shawn\desktop\ircclient1.1\irc\GUI.h(220): warning C4244: 'argument' : conversion from 'double' to 'float', possible loss of data
     1>c:\users\shawn\desktop\ircclient1.1\irc\GUI.h(220): warning C4244: 'argument' : conversion from 'int' to 'float', possible loss of data
     1>c:\users\shawn\desktop\ircclient1.1\irc\GUI.h(220): warning C4244: 'argument' : conversion from 'int' to 'float', possible loss of data
     1>c:\users\shawn\desktop\ircclient1.1\irc\GUI.h(232): warning C4244: 'argument' : conversion from 'double' to 'float', possible loss of data
     1>c:\users\shawn\desktop\ircclient1.1\irc\GUI.h(232): warning C4244: 'argument' : conversion from 'double' to 'float', possible loss of data
     1>c:\users\shawn\desktop\ircclient1.1\irc\GUI.h(232): warning C4244: 'argument' : conversion from 'double' to 'float', possible loss of data
     1>c:\users\shawn\desktop\ircclient1.1\irc\GUI.h(232): warning C4244: 'argument' : conversion from 'double' to 'float', possible loss of data
     1>c:\users\shawn\desktop\ircclient1.1\irc\GUI.h(232): warning C4244: 'argument' : conversion from 'double' to 'float', possible loss of data
     1>c:\users\shawn\desktop\ircclient1.1\irc\GUI.h(232): warning C4244: 'argument' : conversion from 'double' to 'float', possible loss of data
     1>c:\users\shawn\desktop\ircclient1.1\irc\GUI.h(232): warning C4244: 'argument' : conversion from 'double' to 'float', possible loss of data
     1>c:\users\shawn\desktop\ircclient1.1\irc\GUI.h(232): warning C4244: 'argument' : conversion from 'double' to 'float', possible loss of data
     1>c:\users\shawn\desktop\ircclient1.1\irc\GUI.h(232): warning C4244: 'argument' : conversion from 'int' to 'float', possible loss of data
     1>c:\users\shawn\desktop\ircclient1.1\irc\GUI.h(232): warning C4244: 'argument' : conversion from 'int' to 'float', possible loss of data
     1>c:\users\shawn\desktop\ircclient1.1\irc\GUI.h(244): warning C4244: 'argument' : conversion from 'double' to 'float', possible loss of data
     1>c:\users\shawn\desktop\ircclient1.1\irc\GUI.h(244): warning C4244: 'argument' : conversion from 'double' to 'float', possible loss of data
     1>c:\users\shawn\desktop\ircclient1.1\irc\GUI.h(244): warning C4244: 'argument' : conversion from 'double' to 'float', possible loss of data
     1>c:\users\shawn\desktop\ircclient1.1\irc\GUI.h(244): warning C4244: 'argument' : conversion from 'double' to 'float', possible loss of data
     1>c:\users\shawn\desktop\ircclient1.1\irc\GUI.h(244): warning C4244: 'argument' : conversion from 'double' to 'float', possible loss of data
     1>c:\users\shawn\desktop\ircclient1.1\irc\GUI.h(244): warning C4244: 'argument' : conversion from 'double' to 'float', possible loss of data
     1>c:\users\shawn\desktop\ircclient1.1\irc\GUI.h(244): warning C4244: 'argument' : conversion from 'double' to 'float', possible loss of data
     1>c:\users\shawn\desktop\ircclient1.1\irc\GUI.h(244): warning C4244: 'argument' : conversion from 'double' to 'float', possible loss of data
     1>c:\users\shawn\desktop\ircclient1.1\irc\GUI.h(244): warning C4244: 'argument' : conversion from 'int' to 'float', possible loss of data
     1>c:\users\shawn\desktop\ircclient1.1\irc\GUI.h(244): warning C4244: 'argument' : conversion from 'int' to 'float', possible loss of data
     1>c:\users\shawn\desktop\ircclient1.1\irc\GUI.h(256): warning C4244: 'argument' : conversion from 'double' to 'float', possible loss of data
     1>c:\users\shawn\desktop\ircclient1.1\irc\GUI.h(256): warning C4244: 'argument' : conversion from 'double' to 'float', possible loss of data
     1>c:\users\shawn\desktop\ircclient1.1\irc\GUI.h(256): warning C4244: 'argument' : conversion from 'double' to 'float', possible loss of data
     1>c:\users\shawn\desktop\ircclient1.1\irc\GUI.h(256): warning C4244: 'argument' : conversion from 'double' to 'float', possible loss of data
     1>c:\users\shawn\desktop\ircclient1.1\irc\GUI.h(256): warning C4244: 'argument' : conversion from 'double' to 'float', possible loss of data
     1>c:\users\shawn\desktop\ircclient1.1\irc\GUI.h(256): warning C4244: 'argument' : conversion from 'double' to 'float', possible loss of data
     1>c:\users\shawn\desktop\ircclient1.1\irc\GUI.h(256): warning C4244: 'argument' : conversion from 'double' to 'float', possible loss of data
     1>c:\users\shawn\desktop\ircclient1.1\irc\GUI.h(256): warning C4244: 'argument' : conversion from 'double' to 'float', possible loss of data
     1>c:\users\shawn\desktop\ircclient1.1\irc\GUI.h(256): warning C4244: 'argument' : conversion from 'int' to 'float', possible loss of data
     1>c:\users\shawn\desktop\ircclient1.1\irc\GUI.h(256): warning C4244: 'argument' : conversion from 'int' to 'float', possible loss of data
     1>c:\users\shawn\desktop\ircclient1.1\irc\GUI.h(268): warning C4244: 'argument' : conversion from 'double' to 'float', possible loss of data
     1>c:\users\shawn\desktop\ircclient1.1\irc\GUI.h(268): warning C4244: 'argument' : conversion from 'double' to 'float', possible loss of data
     1>c:\users\shawn\desktop\ircclient1.1\irc\GUI.h(268): warning C4244: 'argument' : conversion from 'double' to 'float', possible loss of data
     1>c:\users\shawn\desktop\ircclient1.1\irc\GUI.h(268): warning C4244: 'argument' : conversion from 'double' to 'float', possible loss of data
     1>c:\users\shawn\desktop\ircclient1.1\irc\GUI.h(268): warning C4244: 'argument' : conversion from 'double' to 'float', possible loss of data
     1>c:\users\shawn\desktop\ircclient1.1\irc\GUI.h(268): warning C4244: 'argument' : conversion from 'double' to 'float', possible loss of data
     1>c:\users\shawn\desktop\ircclient1.1\irc\GUI.h(268): warning C4244: 'argument' : conversion from 'double' to 'float', possible loss of data
     1>c:\users\shawn\desktop\ircclient1.1\irc\GUI.h(268): warning C4244: 'argument' : conversion from 'double' to 'float', possible loss of data
     1>c:\users\shawn\desktop\ircclient1.1\irc\GUI.h(268): warning C4244: 'argument' : conversion from 'int' to 'float', possible loss of data
     1>c:\users\shawn\desktop\ircclient1.1\irc\GUI.h(268): warning C4244: 'argument' : conversion from 'int' to 'float', possible loss of data
     1>c:\users\shawn\desktop\ircclient1.1\irc\GUI.h(284): warning C4305: 'argument' : truncation from 'double' to 'GLfloat'
     1>c:\users\shawn\desktop\ircclient1.1\irc\GUI.h(284): warning C4305: 'argument' : truncation from 'double' to 'GLfloat'
     1>c:\users\shawn\desktop\ircclient1.1\irc\GUI.h(285): warning C4305: 'argument' : truncation from 'double' to 'GLfloat'
     1>c:\users\shawn\desktop\ircclient1.1\irc\GUI.h(285): warning C4305: 'argument' : truncation from 'double' to 'GLfloat'
     1>c:\users\shawn\desktop\ircclient1.1\irc\GUI.h(287): warning C4305: 'argument' : truncation from 'double' to 'GLfloat'
     1>c:\users\shawn\desktop\ircclient1.1\irc\GUI.h(287): warning C4305: 'argument' : truncation from 'double' to 'GLfloat'
     1>c:\users\shawn\desktop\ircclient1.1\irc\GUI.h(288): warning C4305: 'argument' : truncation from 'double' to 'GLfloat'
     1>c:\users\shawn\desktop\ircclient1.1\irc\GUI.h(288): warning C4305: 'argument' : truncation from 'double' to 'GLfloat'
     1>c:\users\shawn\desktop\ircclient1.1\irc\GUI.h(290): warning C4305: 'argument' : truncation from 'double' to 'GLfloat'
     1>c:\users\shawn\desktop\ircclient1.1\irc\GUI.h(290): warning C4305: 'argument' : truncation from 'double' to 'GLfloat'
     1>c:\users\shawn\desktop\ircclient1.1\irc\GUI.h(291): warning C4305: 'argument' : truncation from 'double' to 'GLfloat'
     1>c:\users\shawn\desktop\ircclient1.1\irc\GUI.h(291): warning C4305: 'argument' : truncation from 'double' to 'GLfloat'
     1>c:\users\shawn\desktop\ircclient1.1\irc\GUI.h(293): warning C4305: 'argument' : truncation from 'double' to 'GLfloat'
     1>c:\users\shawn\desktop\ircclient1.1\irc\GUI.h(293): warning C4305: 'argument' : truncation from 'double' to 'GLfloat'
     1>c:\users\shawn\desktop\ircclient1.1\irc\GUI.h(294): warning C4305: 'argument' : truncation from 'double' to 'GLfloat'
     1>c:\users\shawn\desktop\ircclient1.1\irc\GUI.h(294): warning C4305: 'argument' : truncation from 'double' to 'GLfloat'
     1>c:\users\shawn\desktop\ircclient1.1\irc\GUI.h(299): warning C4305: 'argument' : truncation from 'double' to 'GLfloat'
     1>c:\users\shawn\desktop\ircclient1.1\irc\GUI.h(299): warning C4305: 'argument' : truncation from 'double' to 'GLfloat'
     1>c:\users\shawn\desktop\ircclient1.1\irc\GUI.h(300): warning C4305: 'argument' : truncation from 'double' to 'GLfloat'
     1>c:\users\shawn\desktop\ircclient1.1\irc\GUI.h(300): warning C4305: 'argument' : truncation from 'double' to 'GLfloat'
     1>c:\users\shawn\desktop\ircclient1.1\irc\GUI.h(314): warning C4305: 'argument' : truncation from 'double' to 'GLfloat'
     1>c:\users\shawn\desktop\ircclient1.1\irc\GUI.h(314): warning C4305: 'argument' : truncation from 'double' to 'GLfloat'
     1>c:\users\shawn\desktop\ircclient1.1\irc\GUI.h(315): warning C4305: 'argument' : truncation from 'double' to 'GLfloat'
     1>c:\users\shawn\desktop\ircclient1.1\irc\GUI.h(315): warning C4305: 'argument' : truncation from 'double' to 'GLfloat'
     1>c:\users\shawn\desktop\ircclient1.1\irc\GUI.h(317): warning C4305: 'argument' : truncation from 'double' to 'GLfloat'
     1>c:\users\shawn\desktop\ircclient1.1\irc\GUI.h(317): warning C4305: 'argument' : truncation from 'double' to 'GLfloat'
     1>c:\users\shawn\desktop\ircclient1.1\irc\GUI.h(318): warning C4305: 'argument' : truncation from 'double' to 'GLfloat'
     1>c:\users\shawn\desktop\ircclient1.1\irc\GUI.h(318): warning C4305: 'argument' : truncation from 'double' to 'GLfloat'
     1>c:\users\shawn\desktop\ircclient1.1\irc\GUI.h(320): warning C4305: 'argument' : truncation from 'double' to 'GLfloat'
     1>c:\users\shawn\desktop\ircclient1.1\irc\GUI.h(320): warning C4305: 'argument' : truncation from 'double' to 'GLfloat'
     1>c:\users\shawn\desktop\ircclient1.1\irc\GUI.h(321): warning C4305: 'argument' : truncation from 'double' to 'GLfloat'
     1>c:\users\shawn\desktop\ircclient1.1\irc\GUI.h(321): warning C4305: 'argument' : truncation from 'double' to 'GLfloat'
     1>c:\users\shawn\desktop\ircclient1.1\irc\GUI.h(323): warning C4305: 'argument' : truncation from 'double' to 'GLfloat'
     1>c:\users\shawn\desktop\ircclient1.1\irc\GUI.h(323): warning C4305: 'argument' : truncation from 'double' to 'GLfloat'
     1>c:\users\shawn\desktop\ircclient1.1\irc\GUI.h(324): warning C4305: 'argument' : truncation from 'double' to 'GLfloat'
     1>c:\users\shawn\desktop\ircclient1.1\irc\GUI.h(324): warning C4305: 'argument' : truncation from 'double' to 'GLfloat'
     1>c:\users\shawn\desktop\ircclient1.1\irc\GUI.h(330): warning C4305: 'argument' : truncation from 'double' to 'GLfloat'
     1>c:\users\shawn\desktop\ircclient1.1\irc\GUI.h(330): warning C4305: 'argument' : truncation from 'double' to 'GLfloat'
     1>c:\users\shawn\desktop\ircclient1.1\irc\GUI.h(331): warning C4305: 'argument' : truncation from 'double' to 'GLfloat'
     1>c:\users\shawn\desktop\ircclient1.1\irc\GUI.h(331): warning C4305: 'argument' : truncation from 'double' to 'GLfloat'
     1>c:\users\shawn\desktop\ircclient1.1\irc\GUI.h(337): warning C4305: 'argument' : truncation from 'double' to 'GLfloat'
     1>c:\users\shawn\desktop\ircclient1.1\irc\GUI.h(337): warning C4305: 'argument' : truncation from 'double' to 'GLfloat'
     1>c:\users\shawn\desktop\ircclient1.1\irc\GUI.h(338): warning C4305: 'argument' : truncation from 'double' to 'GLfloat'
     1>c:\users\shawn\desktop\ircclient1.1\irc\GUI.h(338): warning C4305: 'argument' : truncation from 'double' to 'GLfloat'
     1>c:\users\shawn\desktop\ircclient1.1\irc\GUI.h(353): warning C4305: 'argument' : truncation from 'double' to 'GLfloat'
     1>c:\users\shawn\desktop\ircclient1.1\irc\GUI.h(353): warning C4305: 'argument' : truncation from 'double' to 'GLfloat'
     1>c:\users\shawn\desktop\ircclient1.1\irc\GUI.h(354): warning C4305: 'argument' : truncation from 'double' to 'GLfloat'
     1>c:\users\shawn\desktop\ircclient1.1\irc\GUI.h(354): warning C4305: 'argument' : truncation from 'double' to 'GLfloat'
     1>c:\users\shawn\desktop\ircclient1.1\irc\GUI.h(356): warning C4305: 'argument' : truncation from 'double' to 'GLfloat'
     1>c:\users\shawn\desktop\ircclient1.1\irc\GUI.h(356): warning C4305: 'argument' : truncation from 'double' to 'GLfloat'
     1>c:\users\shawn\desktop\ircclient1.1\irc\GUI.h(357): warning C4305: 'argument' : truncation from 'double' to 'GLfloat'
     1>c:\users\shawn\desktop\ircclient1.1\irc\GUI.h(357): warning C4305: 'argument' : truncation from 'double' to 'GLfloat'
     1>c:\users\shawn\desktop\ircclient1.1\irc\GUI.h(359): warning C4305: 'argument' : truncation from 'double' to 'GLfloat'
     1>c:\users\shawn\desktop\ircclient1.1\irc\GUI.h(359): warning C4305: 'argument' : truncation from 'double' to 'GLfloat'
     1>c:\users\shawn\desktop\ircclient1.1\irc\GUI.h(360): warning C4305: 'argument' : truncation from 'double' to 'GLfloat'
     1>c:\users\shawn\desktop\ircclient1.1\irc\GUI.h(360): warning C4305: 'argument' : truncation from 'double' to 'GLfloat'
     1>c:\users\shawn\desktop\ircclient1.1\irc\GUI.h(362): warning C4305: 'argument' : truncation from 'double' to 'GLfloat'
     1>c:\users\shawn\desktop\ircclient1.1\irc\GUI.h(362): warning C4305: 'argument' : truncation from 'double' to 'GLfloat'
     1>c:\users\shawn\desktop\ircclient1.1\irc\GUI.h(363): warning C4305: 'argument' : truncation from 'double' to 'GLfloat'
     1>c:\users\shawn\desktop\ircclient1.1\irc\GUI.h(363): warning C4305: 'argument' : truncation from 'double' to 'GLfloat'
     1>c:\users\shawn\desktop\ircclient1.1\irc\GUI.h(369): warning C4305: 'argument' : truncation from 'double' to 'GLfloat'
     1>c:\users\shawn\desktop\ircclient1.1\irc\GUI.h(369): warning C4305: 'argument' : truncation from 'double' to 'GLfloat'
     1>c:\users\shawn\desktop\ircclient1.1\irc\GUI.h(370): warning C4305: 'argument' : truncation from 'double' to 'GLfloat'
     1>c:\users\shawn\desktop\ircclient1.1\irc\GUI.h(370): warning C4305: 'argument' : truncation from 'double' to 'GLfloat'
     1>c:\users\shawn\desktop\ircclient1.1\irc\GUI.h(376): warning C4305: 'argument' : truncation from 'double' to 'GLfloat'
     1>c:\users\shawn\desktop\ircclient1.1\irc\GUI.h(376): warning C4305: 'argument' : truncation from 'double' to 'GLfloat'
     1>c:\users\shawn\desktop\ircclient1.1\irc\GUI.h(377): warning C4305: 'argument' : truncation from 'double' to 'GLfloat'
     1>c:\users\shawn\desktop\ircclient1.1\irc\GUI.h(377): warning C4305: 'argument' : truncation from 'double' to 'GLfloat'
     1>c:\users\shawn\desktop\ircclient1.1\irc\GUI.h(392): warning C4305: 'argument' : truncation from 'double' to 'GLfloat'
     1>c:\users\shawn\desktop\ircclient1.1\irc\GUI.h(392): warning C4305: 'argument' : truncation from 'double' to 'GLfloat'
     1>c:\users\shawn\desktop\ircclient1.1\irc\GUI.h(393): warning C4305: 'argument' : truncation from 'double' to 'GLfloat'
     1>c:\users\shawn\desktop\ircclient1.1\irc\GUI.h(393): warning C4305: 'argument' : truncation from 'double' to 'GLfloat'
     1>c:\users\shawn\desktop\ircclient1.1\irc\GUI.h(395): warning C4305: 'argument' : truncation from 'double' to 'GLfloat'
     1>c:\users\shawn\desktop\ircclient1.1\irc\GUI.h(395): warning C4305: 'argument' : truncation from 'double' to 'GLfloat'
     1>c:\users\shawn\desktop\ircclient1.1\irc\GUI.h(396): warning C4305: 'argument' : truncation from 'double' to 'GLfloat'
     1>c:\users\shawn\desktop\ircclient1.1\irc\GUI.h(396): warning C4305: 'argument' : truncation from 'double' to 'GLfloat'
     1>c:\users\shawn\desktop\ircclient1.1\irc\GUI.h(398): warning C4305: 'argument' : truncation from 'double' to 'GLfloat'
     1>c:\users\shawn\desktop\ircclient1.1\irc\GUI.h(398): warning C4305: 'argument' : truncation from 'double' to 'GLfloat'
     1>c:\users\shawn\desktop\ircclient1.1\irc\GUI.h(399): warning C4305: 'argument' : truncation from 'double' to 'GLfloat'
     1>c:\users\shawn\desktop\ircclient1.1\irc\GUI.h(399): warning C4305: 'argument' : truncation from 'double' to 'GLfloat'
     1>c:\users\shawn\desktop\ircclient1.1\irc\GUI.h(401): warning C4305: 'argument' : truncation from 'double' to 'GLfloat'
     1>c:\users\shawn\desktop\ircclient1.1\irc\GUI.h(401): warning C4305: 'argument' : truncation from 'double' to 'GLfloat'
     1>c:\users\shawn\desktop\ircclient1.1\irc\GUI.h(402): warning C4305: 'argument' : truncation from 'double' to 'GLfloat'
     1>c:\users\shawn\desktop\ircclient1.1\irc\GUI.h(402): warning C4305: 'argument' : truncation from 'double' to 'GLfloat'
     1>c:\users\shawn\desktop\ircclient1.1\irc\GUI.h(408): warning C4305: 'argument' : truncation from 'double' to 'GLfloat'
     1>c:\users\shawn\desktop\ircclient1.1\irc\GUI.h(408): warning C4305: 'argument' : truncation from 'double' to 'GLfloat'
     1>c:\users\shawn\desktop\ircclient1.1\irc\GUI.h(409): warning C4305: 'argument' : truncation from 'double' to 'GLfloat'
     1>c:\users\shawn\desktop\ircclient1.1\irc\GUI.h(409): warning C4305: 'argument' : truncation from 'double' to 'GLfloat'
     1>c:\users\shawn\desktop\ircclient1.1\irc\GUI.h(415): warning C4305: 'argument' : truncation from 'double' to 'GLfloat'
     1>c:\users\shawn\desktop\ircclient1.1\irc\GUI.h(415): warning C4305: 'argument' : truncation from 'double' to 'GLfloat'
     1>c:\users\shawn\desktop\ircclient1.1\irc\GUI.h(416): warning C4305: 'argument' : truncation from 'double' to 'GLfloat'
     1>c:\users\shawn\desktop\ircclient1.1\irc\GUI.h(416): warning C4305: 'argument' : truncation from 'double' to 'GLfloat'
     1>c:\users\shawn\desktop\ircclient1.1\irc\GUI.h(431): warning C4305: 'argument' : truncation from 'double' to 'GLfloat'
     1>c:\users\shawn\desktop\ircclient1.1\irc\GUI.h(431): warning C4305: 'argument' : truncation from 'double' to 'GLfloat'
     1>c:\users\shawn\desktop\ircclient1.1\irc\GUI.h(432): warning C4305: 'argument' : truncation from 'double' to 'GLfloat'
     1>c:\users\shawn\desktop\ircclient1.1\irc\GUI.h(432): warning C4305: 'argument' : truncation from 'double' to 'GLfloat'
     1>c:\users\shawn\desktop\ircclient1.1\irc\GUI.h(434): warning C4305: 'argument' : truncation from 'double' to 'GLfloat'
     1>c:\users\shawn\desktop\ircclient1.1\irc\GUI.h(434): warning C4305: 'argument' : truncation from 'double' to 'GLfloat'
     1>c:\users\shawn\desktop\ircclient1.1\irc\GUI.h(435): warning C4305: 'argument' : truncation from 'double' to 'GLfloat'
     1>c:\users\shawn\desktop\ircclient1.1\irc\GUI.h(435): warning C4305: 'argument' : truncation from 'double' to 'GLfloat'
     1>c:\users\shawn\desktop\ircclient1.1\irc\GUI.h(437): warning C4305: 'argument' : truncation from 'double' to 'GLfloat'
     1>c:\users\shawn\desktop\ircclient1.1\irc\GUI.h(437): warning C4305: 'argument' : truncation from 'double' to 'GLfloat'
     1>c:\users\shawn\desktop\ircclient1.1\irc\GUI.h(438): warning C4305: 'argument' : truncation from 'double' to 'GLfloat'
     1>c:\users\shawn\desktop\ircclient1.1\irc\GUI.h(438): warning C4305: 'argument' : truncation from 'double' to 'GLfloat'
     1>c:\users\shawn\desktop\ircclient1.1\irc\GUI.h(440): warning C4305: 'argument' : truncation from 'double' to 'GLfloat'
     1>c:\users\shawn\desktop\ircclient1.1\irc\GUI.h(440): warning C4305: 'argument' : truncation from 'double' to 'GLfloat'
     1>c:\users\shawn\desktop\ircclient1.1\irc\GUI.h(441): warning C4305: 'argument' : truncation from 'double' to 'GLfloat'
     1>c:\users\shawn\desktop\ircclient1.1\irc\GUI.h(441): warning C4305: 'argument' : truncation from 'double' to 'GLfloat'
     1>c:\users\shawn\desktop\ircclient1.1\irc\GUI.h(446): warning C4305: 'argument' : truncation from 'double' to 'GLfloat'
     1>c:\users\shawn\desktop\ircclient1.1\irc\GUI.h(446): warning C4305: 'argument' : truncation from 'double' to 'GLfloat'
     1>c:\users\shawn\desktop\ircclient1.1\irc\GUI.h(447): warning C4305: 'argument' : truncation from 'double' to 'GLfloat'
     1>c:\users\shawn\desktop\ircclient1.1\irc\GUI.h(461): warning C4305: 'argument' : truncation from 'double' to 'GLfloat'
     1>c:\users\shawn\desktop\ircclient1.1\irc\GUI.h(461): warning C4305: 'argument' : truncation from 'double' to 'GLfloat'
     1>c:\users\shawn\desktop\ircclient1.1\irc\GUI.h(462): warning C4305: 'argument' : truncation from 'double' to 'GLfloat'
     1>c:\users\shawn\desktop\ircclient1.1\irc\GUI.h(462): warning C4305: 'argument' : truncation from 'double' to 'GLfloat'
     1>c:\users\shawn\desktop\ircclient1.1\irc\GUI.h(464): warning C4305: 'argument' : truncation from 'double' to 'GLfloat'
     1>c:\users\shawn\desktop\ircclient1.1\irc\GUI.h(464): warning C4305: 'argument' : truncation from 'double' to 'GLfloat'
     1>c:\users\shawn\desktop\ircclient1.1\irc\GUI.h(465): warning C4305: 'argument' : truncation from 'double' to 'GLfloat'
     1>c:\users\shawn\desktop\ircclient1.1\irc\GUI.h(465): warning C4305: 'argument' : truncation from 'double' to 'GLfloat'
     1>c:\users\shawn\desktop\ircclient1.1\irc\GUI.h(467): warning C4305: 'argument' : truncation from 'double' to 'GLfloat'
     1>c:\users\shawn\desktop\ircclient1.1\irc\GUI.h(467): warning C4305: 'argument' : truncation from 'double' to 'GLfloat'
     1>c:\users\shawn\desktop\ircclient1.1\irc\GUI.h(468): warning C4305: 'argument' : truncation from 'double' to 'GLfloat'
     1>c:\users\shawn\desktop\ircclient1.1\irc\GUI.h(468): warning C4305: 'argument' : truncation from 'double' to 'GLfloat'
     1>c:\users\shawn\desktop\ircclient1.1\irc\GUI.h(470): warning C4305: 'argument' : truncation from 'double' to 'GLfloat'
     1>c:\users\shawn\desktop\ircclient1.1\irc\GUI.h(470): warning C4305: 'argument' : truncation from 'double' to 'GLfloat'
     1>c:\users\shawn\desktop\ircclient1.1\irc\GUI.h(471): warning C4305: 'argument' : truncation from 'double' to 'GLfloat'
     1>c:\users\shawn\desktop\ircclient1.1\irc\GUI.h(471): warning C4305: 'argument' : truncation from 'double' to 'GLfloat'
     1>c:\users\shawn\desktop\ircclient1.1\irc\GUI.h(476): warning C4305: 'argument' : truncation from 'double' to 'GLfloat'
     1>c:\users\shawn\desktop\ircclient1.1\irc\GUI.h(476): warning C4305: 'argument' : truncation from 'double' to 'GLfloat'
     1>c:\users\shawn\desktop\ircclient1.1\irc\GUI.h(477): warning C4305: 'argument' : truncation from 'double' to 'GLfloat'
     1>c:\users\shawn\desktop\ircclient1.1\irc\GUI.h(491): warning C4305: 'argument' : truncation from 'double' to 'GLfloat'
     1>c:\users\shawn\desktop\ircclient1.1\irc\GUI.h(491): warning C4305: 'argument' : truncation from 'double' to 'GLfloat'
     1>c:\users\shawn\desktop\ircclient1.1\irc\GUI.h(492): warning C4305: 'argument' : truncation from 'double' to 'GLfloat'
     1>c:\users\shawn\desktop\ircclient1.1\irc\GUI.h(492): warning C4305: 'argument' : truncation from 'double' to 'GLfloat'
     1>c:\users\shawn\desktop\ircclient1.1\irc\GUI.h(494): warning C4305: 'argument' : truncation from 'double' to 'GLfloat'
     1>c:\users\shawn\desktop\ircclient1.1\irc\GUI.h(494): warning C4305: 'argument' : truncation from 'double' to 'GLfloat'
     1>c:\users\shawn\desktop\ircclient1.1\irc\GUI.h(495): warning C4305: 'argument' : truncation from 'double' to 'GLfloat'
     1>c:\users\shawn\desktop\ircclient1.1\irc\GUI.h(495): warning C4305: 'argument' : truncation from 'double' to 'GLfloat'
     1>c:\users\shawn\desktop\ircclient1.1\irc\GUI.h(497): warning C4305: 'argument' : truncation from 'double' to 'GLfloat'
     1>c:\users\shawn\desktop\ircclient1.1\irc\GUI.h(497): warning C4305: 'argument' : truncation from 'double' to 'GLfloat'
     1>c:\users\shawn\desktop\ircclient1.1\irc\GUI.h(498): warning C4305: 'argument' : truncation from 'double' to 'GLfloat'
     1>c:\users\shawn\desktop\ircclient1.1\irc\GUI.h(498): warning C4305: 'argument' : truncation from 'double' to 'GLfloat'
     1>c:\users\shawn\desktop\ircclient1.1\irc\GUI.h(500): warning C4305: 'argument' : truncation from 'double' to 'GLfloat'
     1>c:\users\shawn\desktop\ircclient1.1\irc\GUI.h(500): warning C4305: 'argument' : truncation from 'double' to 'GLfloat'
     1>c:\users\shawn\desktop\ircclient1.1\irc\GUI.h(501): warning C4305: 'argument' : truncation from 'double' to 'GLfloat'
     1>c:\users\shawn\desktop\ircclient1.1\irc\GUI.h(501): warning C4305: 'argument' : truncation from 'double' to 'GLfloat'
     1>c:\users\shawn\desktop\ircclient1.1\irc\GUI.h(506): warning C4305: 'argument' : truncation from 'double' to 'GLfloat'
     1>c:\users\shawn\desktop\ircclient1.1\irc\GUI.h(506): warning C4305: 'argument' : truncation from 'double' to 'GLfloat'
     1>c:\users\shawn\desktop\ircclient1.1\irc\GUI.h(507): warning C4305: 'argument' : truncation from 'double' to 'GLfloat'
     1>main.cpp(116): warning C4018: '<' : signed/unsigned mismatch
     1>main.cpp(159): warning C4018: '<' : signed/unsigned mismatch
     1>main.cpp(236): warning C4018: '<' : signed/unsigned mismatch
     1>main.cpp(268): warning C4018: '<' : signed/unsigned mismatch
     1>main.cpp(442): warning C4244: 'argument' : conversion from 'time_t' to 'unsigned int', possible loss of data
     1>main.cpp(793): warning C4996: 'itoa': The POSIX name for this item is deprecated. Instead, use the ISO C++ conformant name: _itoa. See online help for details.
                 C:\Program Files (x86)\Microsoft Visual Studio 10.0\VC\include\stdlib.h(867) : see declaration of 'itoa'
     1>main.cpp(881): warning C4305: 'argument' : truncation from 'double' to 'GLfloat'
     1>main.cpp(881): warning C4305: 'argument' : truncation from 'double' to 'GLfloat'
     1>main.cpp(889): warning C4305: 'argument' : truncation from 'double' to 'GLfloat'
     1>main.cpp(889): warning C4305: 'argument' : truncation from 'double' to 'GLfloat'
     1>main.cpp(890): warning C4244: 'argument' : conversion from 'double' to 'GLfloat', possible loss of data
     1>main.cpp(896): warning C4305: 'argument' : truncation from 'double' to 'GLfloat'
     1>main.cpp(896): warning C4305: 'argument' : truncation from 'double' to 'GLfloat'
     1>main.cpp(991): warning C4244: 'argument' : conversion from 'float' to 'GLint', possible loss of data
     1>main.cpp(1014): warning C4305: 'argument' : truncation from 'double' to 'GLfloat'
     1>main.cpp(1015): warning C4305: 'argument' : truncation from 'double' to 'GLfloat'
     1>main.cpp(1196): warning C4305: 'argument' : truncation from 'double' to 'GLfloat'
     1>main.cpp(1197): warning C4305: 'argument' : truncation from 'double' to 'GLfloat'
     1>main.cpp(1211): warning C4244: 'argument' : conversion from 'float' to 'GLint', possible loss of data
     1>main.cpp(1234): warning C4305: 'argument' : truncation from 'double' to 'GLfloat'
     1>main.cpp(1235): warning C4305: 'argument' : truncation from 'double' to 'GLfloat'
     1>main.cpp(1259): warning C4305: 'argument' : truncation from 'double' to 'GLfloat'
     1>main.cpp(1259): warning C4305: 'argument' : truncation from 'double' to 'GLfloat'
     1>main.cpp(1260): warning C4305: 'argument' : truncation from 'double' to 'GLfloat'
     1>main.cpp(1266): warning C4305: 'argument' : truncation from 'double' to 'GLfloat'
     1>main.cpp(1266): warning C4305: 'argument' : truncation from 'double' to 'GLfloat'
     1>main.cpp(1267): warning C4305: 'argument' : truncation from 'double' to 'GLfloat'
     1>main.cpp(1396): warning C4018: '<' : signed/unsigned mismatch
     1>main.cpp(1406): warning C4018: '<' : signed/unsigned mismatch
       Link:
         C:\Program Files (x86)\Microsoft Visual Studio 10.0\VC\bin\link.exe /ERRORREPORT:PROMPT /OUT:"C:\Users\Shawn\Desktop\IRCclient1.1\Release\IRC.exe" /NOLOGO /LIBPATH:C:\Users\Shawn\Desktop\IRCclient1.1\IRC\lib opengl32.lib glut32.lib kernel32.lib user32.lib gdi32.lib winspool.lib comdlg32.lib advapi32.lib shell32.lib ole32.lib oleaut32.lib uuid.lib odbc32.lib odbccp32.lib /MANIFEST /ManifestFile:"Release\IRC.exe.intermediate.manifest" /MANIFESTUAC:"level='asInvoker' uiAccess='false'" /DEBUG /PDB:"C:\Users\Shawn\Desktop\IRCclient1.1\Release\IRC.pdb" /OPT:REF /OPT:ICF /LTCG /TLBID:1 /DYNAMICBASE /NXCOMPAT /IMPLIB:"C:\Users\Shawn\Desktop\IRCclient1.1\Release\IRC.lib" /MACHINE:X86 Release\glew.obj
         Release\imageloader.obj
         Release\main.obj
         Release\SOCKETclient.obj
         Release\text3d.obj
            Creating library C:\Users\Shawn\Desktop\IRCclient1.1\Release\IRC.lib and object C:\Users\Shawn\Desktop\IRCclient1.1\Release\IRC.exp
         Generating code
         Finished generating code
         IRC.vcxproj -> C:\Users\Shawn\Desktop\IRCclient1.1\Release\IRC.exe
       Manifest:
         C:\Program Files (x86)\Microsoft SDKs\Windows\v7.0A\bin\mt.exe /nologo /verbose /outputresource:"C:\Users\Shawn\Desktop\IRCclient1.1\Release\IRC.exe;#1" /manifest Release\IRC.exe.intermediate.manifest
       FinalizeBuildStatus:
         Deleting file "Release\IRC.unsuccessfulbuild".
         Touching "Release\IRC.lastbuildstate".
     1>Done Building Project "C:\Users\Shawn\Desktop\IRCclient1.1\IRC\IRC.vcxproj" (build target(s)).

Build succeeded.

Time Elapsed 00:00:02.59
