Build started 15/08/2014 9:56:56 PM.
     1>Project "C:\Users\Shawn\Desktop\IRCserver1.2\winsock\winsock.vcxproj" on node 2 (build target(s)).
     1>InitializeBuildStatus:
         Creating "Debug\winsock.unsuccessfulbuild" because "AlwaysCreate" was specified.
       ClCompile:
         C:\Program Files (x86)\Microsoft Visual Studio 10.0\VC\bin\CL.exe /c /ZI /nologo /W3 /WX- /Od /Oy- /D _MBCS /Gm /EHsc /RTC1 /MDd /GS /fp:precise /Zc:wchar_t /Zc:forScope /Fo"Debug\\" /Fd"Debug\vc100.pdb" /Gd /TP /analyze- /errorReport:prompt main.cpp
         main.cpp
     1>c:\users\shawn\desktop\ircserver1.2\winsock\main.cpp(286): warning C4101: 'iResult' : unreferenced local variable
     1>c:\users\shawn\desktop\ircserver1.2\winsock\main.cpp(393): warning C4244: 'argument' : conversion from 'time_t' to 'unsigned int', possible loss of data
       Link:
         C:\Program Files (x86)\Microsoft Visual Studio 10.0\VC\bin\link.exe /ERRORREPORT:PROMPT /OUT:"C:\Users\Shawn\Desktop\IRCserver1.2\Debug\winsock.exe" /NOLOGO kernel32.lib user32.lib gdi32.lib winspool.lib comdlg32.lib advapi32.lib shell32.lib ole32.lib oleaut32.lib uuid.lib odbc32.lib odbccp32.lib /MANIFEST /ManifestFile:"Debug\winsock.exe.intermediate.manifest" /MANIFESTUAC:"level='asInvoker' uiAccess='false'" /DEBUG /PDB:"C:\Users\Shawn\Desktop\IRCserver1.2\Debug\winsock.pdb" /TLBID:1 /DYNAMICBASE /NXCOMPAT /IMPLIB:"C:\Users\Shawn\Desktop\IRCserver1.2\Debug\winsock.lib" /MACHINE:X86 Debug\main.obj
         Debug\SOCKET.obj
         LINK : C:\Users\Shawn\Desktop\IRCserver1.2\Debug\winsock.exe not found or not built by the last incremental link; performing full link
         winsock.vcxproj -> C:\Users\Shawn\Desktop\IRCserver1.2\Debug\winsock.exe
       Manifest:
         C:\Program Files (x86)\Microsoft SDKs\Windows\v7.0A\bin\mt.exe /nologo /verbose /outputresource:"C:\Users\Shawn\Desktop\IRCserver1.2\Debug\winsock.exe;#1" /manifest Debug\winsock.exe.intermediate.manifest
       FinalizeBuildStatus:
         Deleting file "Debug\winsock.unsuccessfulbuild".
         Touching "Debug\winsock.lastbuildstate".
     1>Done Building Project "C:\Users\Shawn\Desktop\IRCserver1.2\winsock\winsock.vcxproj" (build target(s)).

Build succeeded.

Time Elapsed 00:00:00.91
