Build started 18/07/2014 8:44:34 PM.
     1>Project "C:\Users\Shawn\Desktop\IRCserver1.1\winsock\winsock.vcxproj" on node 2 (build target(s)).
     1>InitializeBuildStatus:
         Creating "Release\winsock.unsuccessfulbuild" because "AlwaysCreate" was specified.
       ClCompile:
         C:\Program Files (x86)\Microsoft Visual Studio 10.0\VC\bin\CL.exe /c /Zi /nologo /W3 /WX- /O2 /Oi /Oy- /GL /D _MBCS /Gm- /EHsc /MD /GS /Gy /fp:precise /Zc:wchar_t /Zc:forScope /Fo"Release\\" /Fd"Release\vc100.pdb" /Gd /TP /analyze- /errorReport:prompt main.cpp
         main.cpp
     1>main.cpp(91): warning C4018: '<' : signed/unsigned mismatch
     1>main.cpp(185): warning C4018: '<' : signed/unsigned mismatch
     1>main.cpp(255): warning C4018: '<' : signed/unsigned mismatch
     1>main.cpp(289): warning C4101: 'iResult' : unreferenced local variable
     1>main.cpp(399): warning C4244: 'argument' : conversion from 'time_t' to 'unsigned int', possible loss of data
       Link:
         C:\Program Files (x86)\Microsoft Visual Studio 10.0\VC\bin\link.exe /ERRORREPORT:PROMPT /OUT:"C:\Users\Shawn\Desktop\IRCserver1.1\Release\winsock.exe" /NOLOGO kernel32.lib user32.lib gdi32.lib winspool.lib comdlg32.lib advapi32.lib shell32.lib ole32.lib oleaut32.lib uuid.lib odbc32.lib odbccp32.lib /MANIFEST /ManifestFile:"Release\winsock.exe.intermediate.manifest" /MANIFESTUAC:"level='asInvoker' uiAccess='false'" /DEBUG /PDB:"C:\Users\Shawn\Desktop\IRCserver1.1\Release\winsock.pdb" /OPT:REF /OPT:ICF /LTCG /TLBID:1 /DYNAMICBASE /NXCOMPAT /IMPLIB:"C:\Users\Shawn\Desktop\IRCserver1.1\Release\winsock.lib" /MACHINE:X86 Release\main.obj
         Release\SOCKET.obj
         Generating code
         Finished generating code
         winsock.vcxproj -> C:\Users\Shawn\Desktop\IRCserver1.1\Release\winsock.exe
       Manifest:
         C:\Program Files (x86)\Microsoft SDKs\Windows\v7.0A\bin\mt.exe /nologo /verbose /outputresource:"C:\Users\Shawn\Desktop\IRCserver1.1\Release\winsock.exe;#1" /manifest Release\winsock.exe.intermediate.manifest
       FinalizeBuildStatus:
         Deleting file "Release\winsock.unsuccessfulbuild".
         Touching "Release\winsock.lastbuildstate".
     1>Done Building Project "C:\Users\Shawn\Desktop\IRCserver1.1\winsock\winsock.vcxproj" (build target(s)).

Build succeeded.

Time Elapsed 00:00:01.34
